[debug] [2025-07-02T07:07:22.029Z] ----------------------------------------------------------------------
[debug] [2025-07-02T07:07:22.031Z] Command:       /home/m-isozaki/.nvm/versions/node/v22.15.0/bin/node /home/m-isozaki/.nvm/versions/node/v22.15.0/bin/firebase deploy
[debug] [2025-07-02T07:07:22.031Z] CLI Version:   14.9.0
[debug] [2025-07-02T07:07:22.031Z] Platform:      linux
[debug] [2025-07-02T07:07:22.031Z] Node Version:  v22.15.0
[debug] [2025-07-02T07:07:22.032Z] Time:          Wed Jul 02 2025 16:07:22 GMT+0900 (Japan Standard Time)
[debug] [2025-07-02T07:07:22.032Z] ----------------------------------------------------------------------
[debug] 
[debug] [2025-07-02T07:07:22.161Z] > command requires scopes: ["email","openid","https://www.googleapis.com/auth/cloudplatformprojects.readonly","https://www.googleapis.com/auth/firebase","https://www.googleapis.com/auth/cloud-platform"]
[debug] [2025-07-02T07:07:22.162Z] > authorizing via signed-in user (m-isozaki@owndays.co.jp)
[debug] [2025-07-02T07:07:22.162Z] [iam] checking project owndays-dam for permissions ["cloudfunctions.functions.create","cloudfunctions.functions.delete","cloudfunctions.functions.get","cloudfunctions.functions.list","cloudfunctions.functions.update","cloudfunctions.operations.get","firebase.projects.get","firebasehosting.sites.update"]
[debug] [2025-07-02T07:07:22.163Z] Checked if tokens are valid: true, expires at: 1751442906787
[debug] [2025-07-02T07:07:22.163Z] Checked if tokens are valid: true, expires at: 1751442906787
[debug] [2025-07-02T07:07:22.163Z] >>> [apiv2][query] POST https://cloudresourcemanager.googleapis.com/v1/projects/owndays-dam:testIamPermissions [none]
[debug] [2025-07-02T07:07:22.163Z] >>> [apiv2][(partial)header] POST https://cloudresourcemanager.googleapis.com/v1/projects/owndays-dam:testIamPermissions x-goog-quota-user=projects/owndays-dam
[debug] [2025-07-02T07:07:22.163Z] >>> [apiv2][body] POST https://cloudresourcemanager.googleapis.com/v1/projects/owndays-dam:testIamPermissions {"permissions":["cloudfunctions.functions.create","cloudfunctions.functions.delete","cloudfunctions.functions.get","cloudfunctions.functions.list","cloudfunctions.functions.update","cloudfunctions.operations.get","firebase.projects.get","firebasehosting.sites.update"]}
[debug] [2025-07-02T07:07:23.023Z] <<< [apiv2][status] POST https://cloudresourcemanager.googleapis.com/v1/projects/owndays-dam:testIamPermissions 200
[debug] [2025-07-02T07:07:23.023Z] <<< [apiv2][body] POST https://cloudresourcemanager.googleapis.com/v1/projects/owndays-dam:testIamPermissions {"permissions":["cloudfunctions.functions.create","cloudfunctions.functions.delete","cloudfunctions.functions.get","cloudfunctions.functions.list","cloudfunctions.functions.update","cloudfunctions.operations.get","firebase.projects.get","firebasehosting.sites.update"]}
[debug] [2025-07-02T07:07:23.023Z] Checked if tokens are valid: true, expires at: 1751442906787
[debug] [2025-07-02T07:07:23.024Z] Checked if tokens are valid: true, expires at: 1751442906787
[debug] [2025-07-02T07:07:23.024Z] >>> [apiv2][query] POST https://iam.googleapis.com/v1/projects/owndays-dam/serviceAccounts/owndays-dam@appspot.gserviceaccount.com:testIamPermissions [none]
[debug] [2025-07-02T07:07:23.024Z] >>> [apiv2][body] POST https://iam.googleapis.com/v1/projects/owndays-dam/serviceAccounts/owndays-dam@appspot.gserviceaccount.com:testIamPermissions {"permissions":["iam.serviceAccounts.actAs"]}
[debug] [2025-07-02T07:07:24.206Z] <<< [apiv2][status] POST https://iam.googleapis.com/v1/projects/owndays-dam/serviceAccounts/owndays-dam@appspot.gserviceaccount.com:testIamPermissions 200
[debug] [2025-07-02T07:07:24.206Z] <<< [apiv2][body] POST https://iam.googleapis.com/v1/projects/owndays-dam/serviceAccounts/owndays-dam@appspot.gserviceaccount.com:testIamPermissions {"permissions":["iam.serviceAccounts.actAs"]}
[debug] [2025-07-02T07:07:24.206Z] Checked if tokens are valid: true, expires at: 1751442906787
[debug] [2025-07-02T07:07:24.206Z] Checked if tokens are valid: true, expires at: 1751442906787
[debug] [2025-07-02T07:07:24.207Z] >>> [apiv2][query] GET https://firebase.googleapis.com/v1beta1/projects/owndays-dam [none]
